<?xml version="1.0" encoding="UTF-8"?>
<!-- Generated by org.testng.reporters.JUnitReportReporter -->
<testsuite hostname="DESKTOP-NLD5HU1" name="com.adminlte.test.LoginPageTest" tests="7" failures="0" timestamp="8 Aug 2019 18:19:40 GMT" time="69.864" errors="0">
  <testcase name="membershipLinkTest" time="8.489" classname="com.adminlte.test.LoginPageTest"/>
  <testcase name="loginTest" time="8.443" classname="com.adminlte.test.LoginPageTest"/>
  <testcase name="loginBoxMsgTest" time="11.231" classname="com.adminlte.test.LoginPageTest"/>
  <testcase name="loginPageTitleTest" time="8.498" classname="com.adminlte.test.LoginPageTest"/>
  <testcase name="loginPageLogoTest" time="8.189" classname="com.adminlte.test.LoginPageTest"/>
  <testcase name="invalidEmailMsgTest" time="17.963" classname="com.adminlte.test.LoginPageTest"/>
  <testcase name="invalidPwdMsgTest" time="7.051" classname="com.adminlte.test.LoginPageTest"/>
</testsuite> <!-- com.adminlte.test.LoginPageTest -->
