<?xml version="1.0" encoding="UTF-8"?>
<!-- Generated by org.testng.reporters.JUnitReportReporter -->
<testsuite hostname="DESKTOP-NLD5HU1" name="com.adminlte.test.RegistrationPageTest" tests="6" failures="0" timestamp="9 Aug 2019 13:31:27 GMT" time="79.264" errors="0">
  <testcase name="createRegistrationTest" time="17.631" classname="com.adminlte.test.RegistrationPageTest"/>
  <testcase name="createRegistrationTest" time="7.367" classname="com.adminlte.test.RegistrationPageTest"/>
  <testcase name="createRegistrationTest" time="8.877" classname="com.adminlte.test.RegistrationPageTest"/>
  <testcase name="createRegistrationTest" time="6.201" classname="com.adminlte.test.RegistrationPageTest"/>
  <testcase name="createRegistrationTest" time="6.120" classname="com.adminlte.test.RegistrationPageTest"/>
  <testcase name="createRegistrationTest" time="33.068" classname="com.adminlte.test.RegistrationPageTest"/>
</testsuite> <!-- com.adminlte.test.RegistrationPageTest -->
